
*** Running vivado
    with args -log mux8.vds -m64 -product Vivado -mode batch -messageDb vivado.pb -notrace -source mux8.tcl


****** Vivado v2024.2 (64-bit)
  **** SW Build 5239630 on Fri Nov 08 22:34:34 MST 2024
  **** IP Build 5239520 on Sun Nov 10 16:12:51 MST 2024
  **** SharedData Build 5239561 on Fri Nov 08 14:39:27 MST 2024
  **** Start of session at: Thu Apr  3 17:26:27 2025
    ** Copyright 1986-2022 Xilinx, Inc. All Rights Reserved.
    ** Copyright 2022-2024 Advanced Micro Devices, Inc. All Rights Reserved.

Sourcing tcl script '/home/utec/.Xilinx/Vivado/Vivado_init.tcl'
source mux8.tcl -notrace
WARNING: [Board 49-91] Board repository path '/home/utec/Escritorio/FPGAs_AdaptiveSoCs_Unified_2023.2_1013_2256/Vivado/2023.2/data/boards/vivado-boards/new/board_files' does not exist, it will not be used to search board files.
WARNING: [Board 49-91] Board repository path '/home/utec/Escritorio/FPGAs_AdaptiveSoCs_Unified_2023.2_1013_2256/Vivado/2023.2/data/boards/vivado-boards/new/board_files' does not exist, it will not be used to search board files.
Command: read_checkpoint -auto_incremental -incremental /home/utec/Guide01-VivadoQuickguide-Comb-1/Guide01-VivadoQuickguide-Comb-1.srcs/utils_1/imports/synth_1/mux8.dcp
INFO: [Vivado 12-5825] Read reference checkpoint from /home/utec/Guide01-VivadoQuickguide-Comb-1/Guide01-VivadoQuickguide-Comb-1.srcs/utils_1/imports/synth_1/mux8.dcp for incremental synthesis
INFO: [Vivado 12-7989] Please ensure there are no constraint changes
Command: synth_design -top mux8 -part xc7a35tcpg236-1
Starting synth_design
Attempting to get a license for feature 'Synthesis' and/or device 'xc7a35t'
INFO: [Common 17-349] Got license for feature 'Synthesis' and/or device 'xc7a35t'
INFO: [Device 21-403] Loading part xc7a35tcpg236-1
INFO: [Designutils 20-5440] No compile time benefit to using incremental synthesis; A full resynthesis will be run
INFO: [Designutils 20-4379] Flow is switching to default flow due to incremental criteria not met. If you would like to alter this behaviour and have the flow terminate instead, please set the following parameter config_implementation {autoIncr.Synth.RejectBehavior Terminate}
INFO: [Synth 8-7079] Multithreading enabled for synth_design using a maximum of 7 processes.
INFO: [Synth 8-7078] Launching helper process for spawning children vivado processes
INFO: [Synth 8-7075] Helper process launched with PID 29262
---------------------------------------------------------------------------------
Starting RTL Elaboration : Time (s): cpu = 00:00:03 ; elapsed = 00:00:03 . Memory (MB): peak = 1897.270 ; gain = 427.832 ; free physical = 20803 ; free virtual = 27678
---------------------------------------------------------------------------------
INFO: [Synth 8-6157] synthesizing module 'mux8' [/home/utec/Guide01-VivadoQuickguide-Comb-1/Guide01-VivadoQuickguide-Comb-1.srcs/sources_1/new/module_desing.v:36]
INFO: [Synth 8-6157] synthesizing module 'mux2' [/home/utec/Guide01-VivadoQuickguide-Comb-1/Guide01-VivadoQuickguide-Comb-1.srcs/sources_1/new/module_desing.v:22]
INFO: [Synth 8-6155] done synthesizing module 'mux2' (0#1) [/home/utec/Guide01-VivadoQuickguide-Comb-1/Guide01-VivadoQuickguide-Comb-1.srcs/sources_1/new/module_desing.v:22]
INFO: [Synth 8-6155] done synthesizing module 'mux8' (0#1) [/home/utec/Guide01-VivadoQuickguide-Comb-1/Guide01-VivadoQuickguide-Comb-1.srcs/sources_1/new/module_desing.v:36]
---------------------------------------------------------------------------------
Finished RTL Elaboration : Time (s): cpu = 00:00:04 ; elapsed = 00:00:04 . Memory (MB): peak = 1968.238 ; gain = 498.801 ; free physical = 20724 ; free virtual = 27601
---------------------------------------------------------------------------------
---------------------------------------------------------------------------------
Start Handling Custom Attributes
---------------------------------------------------------------------------------
---------------------------------------------------------------------------------
Finished Handling Custom Attributes : Time (s): cpu = 00:00:04 ; elapsed = 00:00:04 . Memory (MB): peak = 1986.051 ; gain = 516.613 ; free physical = 20721 ; free virtual = 27597
---------------------------------------------------------------------------------
---------------------------------------------------------------------------------
Finished RTL Optimization Phase 1 : Time (s): cpu = 00:00:04 ; elapsed = 00:00:04 . Memory (MB): peak = 1986.051 ; gain = 516.613 ; free physical = 20721 ; free virtual = 27597
---------------------------------------------------------------------------------
Netlist sorting complete. Time (s): cpu = 00:00:00 ; elapsed = 00:00:00 . Memory (MB): peak = 1986.051 ; gain = 0.000 ; free physical = 20721 ; free virtual = 27597
INFO: [Project 1-570] Preparing netlist for logic optimization

Processing XDC Constraints
Initializing timing engine
Parsing XDC File [/home/utec/Guide01-VivadoQuickguide-Comb-1/Guide01-VivadoQuickguide-Comb-1.srcs/constrs_1/new/constrs_1.xdc]
Finished Parsing XDC File [/home/utec/Guide01-VivadoQuickguide-Comb-1/Guide01-VivadoQuickguide-Comb-1.srcs/constrs_1/new/constrs_1.xdc]
INFO: [Project 1-236] Implementation specific constraints were found while reading constraint file [/home/utec/Guide01-VivadoQuickguide-Comb-1/Guide01-VivadoQuickguide-Comb-1.srcs/constrs_1/new/constrs_1.xdc]. These constraints will be ignored for synthesis but will be used in implementation. Impacted constraints are listed in the file [.Xil/mux8_propImpl.xdc].
Resolution: To avoid this warning, move constraints listed in [.Xil/mux8_propImpl.xdc] to another XDC file and exclude this new file from synthesis with the used_in_synthesis property (File Properties dialog in GUI) and re-run elaboration/synthesis.
Completed Processing XDC Constraints

Netlist sorting complete. Time (s): cpu = 00:00:00 ; elapsed = 00:00:00 . Memory (MB): peak = 2114.801 ; gain = 0.000 ; free physical = 20733 ; free virtual = 27609
INFO: [Project 1-111] Unisim Transformation Summary:
No Unisim elements were transformed.

Constraint Validation Runtime : Time (s): cpu = 00:00:00 ; elapsed = 00:00:00 . Memory (MB): peak = 2114.801 ; gain = 0.000 ; free physical = 20733 ; free virtual = 27609
INFO: [Designutils 20-5440] No compile time benefit to using incremental synthesis; A full resynthesis will be run
INFO: [Designutils 20-4379] Flow is switching to default flow due to incremental criteria not met. If you would like to alter this behaviour and have the flow terminate instead, please set the following parameter config_implementation {autoIncr.Synth.RejectBehavior Terminate}
---------------------------------------------------------------------------------
Finished Constraint Validation : Time (s): cpu = 00:00:09 ; elapsed = 00:00:09 . Memory (MB): peak = 2114.801 ; gain = 645.363 ; free physical = 20764 ; free virtual = 27640
---------------------------------------------------------------------------------
---------------------------------------------------------------------------------
Start Loading Part and Timing Information
---------------------------------------------------------------------------------
Loading part: xc7a35tcpg236-1
---------------------------------------------------------------------------------
Finished Loading Part and Timing Information : Time (s): cpu = 00:00:09 ; elapsed = 00:00:09 . Memory (MB): peak = 2122.805 ; gain = 653.367 ; free physical = 20764 ; free virtual = 27640
---------------------------------------------------------------------------------
---------------------------------------------------------------------------------
Start Applying 'set_property' XDC Constraints
---------------------------------------------------------------------------------
---------------------------------------------------------------------------------
Finished applying 'set_property' XDC Constraints : Time (s): cpu = 00:00:09 ; elapsed = 00:00:09 . Memory (MB): peak = 2122.805 ; gain = 653.367 ; free physical = 20764 ; free virtual = 27640
---------------------------------------------------------------------------------
---------------------------------------------------------------------------------
Finished RTL Optimization Phase 2 : Time (s): cpu = 00:00:09 ; elapsed = 00:00:09 . Memory (MB): peak = 2122.805 ; gain = 653.367 ; free physical = 20763 ; free virtual = 27640
---------------------------------------------------------------------------------
---------------------------------------------------------------------------------
Start RTL Component Statistics 
---------------------------------------------------------------------------------
Detailed RTL Component Info : 
---------------------------------------------------------------------------------
Finished RTL Component Statistics 
---------------------------------------------------------------------------------
---------------------------------------------------------------------------------
Start Part Resource Summary
---------------------------------------------------------------------------------
Part Resources:
DSPs: 90 (col length:60)
BRAMs: 100 (col length: RAMB18 60 RAMB36 30)
---------------------------------------------------------------------------------
Finished Part Resource Summary
---------------------------------------------------------------------------------
---------------------------------------------------------------------------------
Start Cross Boundary and Area Optimization
---------------------------------------------------------------------------------
WARNING: [Synth 8-7080] Parallel synthesis criteria is not met
---------------------------------------------------------------------------------
Finished Cross Boundary and Area Optimization : Time (s): cpu = 00:00:10 ; elapsed = 00:00:11 . Memory (MB): peak = 2122.805 ; gain = 653.367 ; free physical = 20764 ; free virtual = 27643
---------------------------------------------------------------------------------
---------------------------------------------------------------------------------
Start Applying XDC Timing Constraints
---------------------------------------------------------------------------------
---------------------------------------------------------------------------------
Finished Applying XDC Timing Constraints : Time (s): cpu = 00:00:15 ; elapsed = 00:00:15 . Memory (MB): peak = 2149.805 ; gain = 680.367 ; free physical = 20707 ; free virtual = 27590
---------------------------------------------------------------------------------
---------------------------------------------------------------------------------
Start Timing Optimization
---------------------------------------------------------------------------------
---------------------------------------------------------------------------------
Finished Timing Optimization : Time (s): cpu = 00:00:15 ; elapsed = 00:00:15 . Memory (MB): peak = 2149.805 ; gain = 680.367 ; free physical = 20707 ; free virtual = 27590
---------------------------------------------------------------------------------
---------------------------------------------------------------------------------
Start Technology Mapping
---------------------------------------------------------------------------------
---------------------------------------------------------------------------------
Finished Technology Mapping : Time (s): cpu = 00:00:15 ; elapsed = 00:00:15 . Memory (MB): peak = 2159.820 ; gain = 690.383 ; free physical = 20699 ; free virtual = 27582
---------------------------------------------------------------------------------
---------------------------------------------------------------------------------
Start IO Insertion
---------------------------------------------------------------------------------
---------------------------------------------------------------------------------
Start Flattening Before IO Insertion
---------------------------------------------------------------------------------
---------------------------------------------------------------------------------
Finished Flattening Before IO Insertion
---------------------------------------------------------------------------------
---------------------------------------------------------------------------------
Start Final Netlist Cleanup
---------------------------------------------------------------------------------
---------------------------------------------------------------------------------
Finished Final Netlist Cleanup
---------------------------------------------------------------------------------
---------------------------------------------------------------------------------
Finished IO Insertion : Time (s): cpu = 00:00:17 ; elapsed = 00:00:18 . Memory (MB): peak = 2329.633 ; gain = 860.195 ; free physical = 20571 ; free virtual = 27455
---------------------------------------------------------------------------------
---------------------------------------------------------------------------------
Start Renaming Generated Instances
---------------------------------------------------------------------------------
---------------------------------------------------------------------------------
Finished Renaming Generated Instances : Time (s): cpu = 00:00:17 ; elapsed = 00:00:18 . Memory (MB): peak = 2329.633 ; gain = 860.195 ; free physical = 20571 ; free virtual = 27455
---------------------------------------------------------------------------------
---------------------------------------------------------------------------------
Start Rebuilding User Hierarchy
---------------------------------------------------------------------------------
---------------------------------------------------------------------------------
Finished Rebuilding User Hierarchy : Time (s): cpu = 00:00:17 ; elapsed = 00:00:18 . Memory (MB): peak = 2329.633 ; gain = 860.195 ; free physical = 20571 ; free virtual = 27455
---------------------------------------------------------------------------------
---------------------------------------------------------------------------------
Start Renaming Generated Ports
---------------------------------------------------------------------------------
---------------------------------------------------------------------------------
Finished Renaming Generated Ports : Time (s): cpu = 00:00:17 ; elapsed = 00:00:18 . Memory (MB): peak = 2329.633 ; gain = 860.195 ; free physical = 20571 ; free virtual = 27455
---------------------------------------------------------------------------------
---------------------------------------------------------------------------------
Start Handling Custom Attributes
---------------------------------------------------------------------------------
---------------------------------------------------------------------------------
Finished Handling Custom Attributes : Time (s): cpu = 00:00:17 ; elapsed = 00:00:18 . Memory (MB): peak = 2329.633 ; gain = 860.195 ; free physical = 20571 ; free virtual = 27455
---------------------------------------------------------------------------------
---------------------------------------------------------------------------------
Start Renaming Generated Nets
---------------------------------------------------------------------------------
---------------------------------------------------------------------------------
Finished Renaming Generated Nets : Time (s): cpu = 00:00:17 ; elapsed = 00:00:18 . Memory (MB): peak = 2329.633 ; gain = 860.195 ; free physical = 20571 ; free virtual = 27455
---------------------------------------------------------------------------------
---------------------------------------------------------------------------------
Start Writing Synthesis Report
---------------------------------------------------------------------------------

Report BlackBoxes: 
+-+--------------+----------+
| |BlackBox name |Instances |
+-+--------------+----------+
+-+--------------+----------+

Report Cell Usage: 
+------+------+------+
|      |Cell  |Count |
+------+------+------+
|1     |LUT6  |     2|
|2     |MUXF7 |     1|
|3     |IBUF  |    11|
|4     |OBUF  |     1|
+------+------+------+
---------------------------------------------------------------------------------
Finished Writing Synthesis Report : Time (s): cpu = 00:00:17 ; elapsed = 00:00:18 . Memory (MB): peak = 2329.633 ; gain = 860.195 ; free physical = 20571 ; free virtual = 27455
---------------------------------------------------------------------------------
Synthesis finished with 0 errors, 0 critical warnings and 1 warnings.
Synthesis Optimization Runtime : Time (s): cpu = 00:00:16 ; elapsed = 00:00:17 . Memory (MB): peak = 2329.633 ; gain = 731.445 ; free physical = 20571 ; free virtual = 27455
Synthesis Optimization Complete : Time (s): cpu = 00:00:17 ; elapsed = 00:00:18 . Memory (MB): peak = 2329.641 ; gain = 860.195 ; free physical = 20571 ; free virtual = 27455
INFO: [Project 1-571] Translating synthesized netlist
Netlist sorting complete. Time (s): cpu = 00:00:00 ; elapsed = 00:00:00 . Memory (MB): peak = 2329.641 ; gain = 0.000 ; free physical = 20571 ; free virtual = 27455
INFO: [Netlist 29-17] Analyzing 1 Unisim elements for replacement
INFO: [Netlist 29-28] Unisim Transformation completed in 0 CPU seconds
INFO: [Project 1-570] Preparing netlist for logic optimization
INFO: [Opt 31-138] Pushed 0 inverter(s) to 0 load pin(s).
Netlist sorting complete. Time (s): cpu = 00:00:00 ; elapsed = 00:00:00 . Memory (MB): peak = 2329.641 ; gain = 0.000 ; free physical = 20734 ; free virtual = 27616
INFO: [Project 1-111] Unisim Transformation Summary:
No Unisim elements were transformed.

Synth Design complete | Checksum: 9c217ddb
INFO: [Common 17-83] Releasing license: Synthesis
25 Infos, 3 Warnings, 0 Critical Warnings and 0 Errors encountered.
synth_design completed successfully
synth_design: Time (s): cpu = 00:00:24 ; elapsed = 00:00:22 . Memory (MB): peak = 2329.641 ; gain = 919.734 ; free physical = 20734 ; free virtual = 27616
INFO: [Common 17-2834] synth_design peak Physical Memory [PSS] (MB): overall = 1525.486; main = 1525.486; forked = 267.779
INFO: [Common 17-2834] synth_design peak Virtual Memory [VSS] (MB): overall = 3046.188; main = 2329.637; forked = 923.379
Write ShapeDB Complete: Time (s): cpu = 00:00:00 ; elapsed = 00:00:00 . Memory (MB): peak = 2353.645 ; gain = 0.000 ; free physical = 20734 ; free virtual = 27616
INFO: [Common 17-1381] The checkpoint '/home/utec/Guide01-VivadoQuickguide-Comb-1/Guide01-VivadoQuickguide-Comb-1.runs/synth_1/mux8.dcp' has been generated.
INFO: [Vivado 12-24828] Executing command : report_utilization -file mux8_utilization_synth.rpt -pb mux8_utilization_synth.pb
INFO: [Common 17-206] Exiting Vivado at Thu Apr  3 17:26:53 2025...
